<?xml version="1.0" encoding="UTF-8"?>
<!-- Generated by org.testng.reporters.JUnitReportReporter -->
<testsuite skipped="0" hostname="DESKTOP-KBPQ0KS" name="seleniumbasic.TestNgDemo" tests="3" failures="0" timestamp="2021-11-17T11:56:37 IST" time="0.041" errors="0">
  <testcase name="login" time="0.012" classname="seleniumbasic.TestNgDemo"/>
  <system-out/>
  <testcase name="password" time="0.026" classname="seleniumbasic.TestNgDemo"/>
  <system-out/>
  <testcase name="homepagevalidation" time="0.003" classname="seleniumbasic.TestNgDemo"/>
  <system-out/>
</testsuite> <!-- seleniumbasic.TestNgDemo -->
