<?xml version="1.0" encoding="UTF-8"?>
<!-- Generated by org.testng.reporters.JUnitReportReporter -->
<testsuite skipped="0" hostname="DESKTOP-KBPQ0KS" name="testng.MobileApplication" tests="1" failures="0" timestamp="2021-11-17T17:43:39 IST" time="0.016" errors="0">
  <testcase name="mobilelogin" time="0.016" classname="testng.MobileApplication"/>
  <system-out/>
</testsuite> <!-- testng.MobileApplication -->
