<?xml version="1.0" encoding="UTF-8"?>
<!-- Generated by org.testng.reporters.JUnitReportReporter -->
<testsuite skipped="0" hostname="DESKTOP-KBPQ0KS" name="testng.Validate" tests="1" failures="0" timestamp="2021-11-17T16:23:42 IST" time="0.001" errors="0">
  <testcase name="validateloginpage" time="0.001" classname="testng.Validate"/>
  <system-out/>
</testsuite> <!-- testng.Validate -->
