<?xml version="1.0" encoding="UTF-8"?>
<!-- Generated by org.testng.reporters.JUnitReportReporter -->
<testsuite skipped="0" hostname="DESKTOP-KBPQ0KS" name="testng.WebApplication" tests="1" failures="0" timestamp="2021-11-17T17:43:39 IST" time="0.004" errors="0">
  <testcase name="weblogin" time="0.004" classname="testng.WebApplication"/>
  <system-out/>
</testsuite> <!-- testng.WebApplication -->
